2019-07-12 14:17:59 [scrapy.utils.log] INFO: Scrapy 1.6.0 started (bot: VeryAccurate)
2019-07-12 14:17:59 [scrapy.utils.log] INFO: Versions: lxml 4.3.4.0, libxml2 2.9.5, cssselect 1.0.3, parsel 1.5.1, w3lib 1.20.0, Twisted 19.2.1, Python 3.7.1 (v3.7.1:260ec2c36a, Oct 20 2018, 14:57:15) [MSC v.1915 64 bit (AMD64)], pyOpenSSL 19.0.0 (OpenSSL 1.1.1b  26 Feb 2019), cryptography 2.6.1, Platform Windows-10-10.0.17134-SP0
2019-07-12 14:17:59 [scrapy.crawler] INFO: Overridden settings: {'BOT_NAME': 'VeryAccurate', 'CONCURRENT_REQUESTS': 32, 'COOKIES_ENABLED': False, 'DOWNLOAD_DELAY': 0.1, 'LOG_FILE': 'log/veryaccurate_2019_7_12.log', 'LOG_LEVEL': 'INFO', 'NEWSPIDER_MODULE': 'VeryAccurate.spiders', 'SPIDER_MODULES': ['VeryAccurate.spiders']}
2019-07-12 14:17:59 [scrapy.extensions.telnet] INFO: Telnet Password: d0c6835931d5e2bb
2019-07-12 14:17:59 [scrapy.middleware] INFO: Enabled extensions:
['scrapy.extensions.corestats.CoreStats',
 'scrapy.extensions.telnet.TelnetConsole',
 'scrapy.extensions.logstats.LogStats']
2019-07-12 14:17:59 [scrapy.middleware] INFO: Enabled downloader middlewares:
['scrapy.downloadermiddlewares.httpauth.HttpAuthMiddleware',
 'scrapy.downloadermiddlewares.downloadtimeout.DownloadTimeoutMiddleware',
 'scrapy.downloadermiddlewares.defaultheaders.DefaultHeadersMiddleware',
 'scrapy.downloadermiddlewares.useragent.UserAgentMiddleware',
 'VeryAccurate.middlewares.RandomUesrAgent',
 'scrapy.downloadermiddlewares.retry.RetryMiddleware',
 'scrapy.downloadermiddlewares.redirect.MetaRefreshMiddleware',
 'scrapy.downloadermiddlewares.httpcompression.HttpCompressionMiddleware',
 'scrapy.downloadermiddlewares.redirect.RedirectMiddleware',
 'scrapy.downloadermiddlewares.httpproxy.HttpProxyMiddleware',
 'scrapy.downloadermiddlewares.stats.DownloaderStats']
2019-07-12 14:17:59 [scrapy.middleware] INFO: Enabled spider middlewares:
['scrapy.spidermiddlewares.httperror.HttpErrorMiddleware',
 'scrapy.spidermiddlewares.offsite.OffsiteMiddleware',
 'scrapy.spidermiddlewares.referer.RefererMiddleware',
 'scrapy.spidermiddlewares.urllength.UrlLengthMiddleware',
 'scrapy.spidermiddlewares.depth.DepthMiddleware']
2019-07-12 14:17:59 [scrapy.middleware] INFO: Enabled item pipelines:
['VeryAccurate.pipelines.FilePipeline']
2019-07-12 14:17:59 [scrapy.core.engine] INFO: Spider opened
2019-07-12 14:17:59 [scrapy.extensions.logstats] INFO: Crawled 0 pages (at 0 pages/min), scraped 0 items (at 0 items/min)
2019-07-12 14:17:59 [scrapy.extensions.telnet] INFO: Telnet console listening on 127.0.0.1:6023
2019-07-12 14:18:00 [root] ERROR: 程序出现异常!!!: [Errno 22] Invalid argument
2019-07-12 14:18:00 [scrapy.core.engine] INFO: Closing spider (finished)
2019-07-12 14:18:00 [scrapy.statscollectors] INFO: Dumping Scrapy stats:
{'downloader/request_bytes': 356,
 'downloader/request_count': 1,
 'downloader/request_method_count/GET': 1,
 'downloader/response_bytes': 8822,
 'downloader/response_count': 1,
 'downloader/response_status_count/200': 1,
 'finish_reason': 'finished',
 'finish_time': datetime.datetime(2019, 7, 12, 6, 18, 0, 70562),
 'log_count/ERROR': 1,
 'log_count/INFO': 9,
 'response_received_count': 1,
 'scheduler/dequeued': 1,
 'scheduler/dequeued/memory': 1,
 'scheduler/enqueued': 1,
 'scheduler/enqueued/memory': 1,
 'start_time': datetime.datetime(2019, 7, 12, 6, 17, 59, 682596)}
2019-07-12 14:18:00 [scrapy.core.engine] INFO: Spider closed (finished)
2019-07-12 14:18:01 [scrapy.utils.log] INFO: Scrapy 1.6.0 started (bot: VeryAccurate)
2019-07-12 14:18:01 [scrapy.utils.log] INFO: Versions: lxml 4.3.4.0, libxml2 2.9.5, cssselect 1.0.3, parsel 1.5.1, w3lib 1.20.0, Twisted 19.2.1, Python 3.7.1 (v3.7.1:260ec2c36a, Oct 20 2018, 14:57:15) [MSC v.1915 64 bit (AMD64)], pyOpenSSL 19.0.0 (OpenSSL 1.1.1b  26 Feb 2019), cryptography 2.6.1, Platform Windows-10-10.0.17134-SP0
2019-07-12 14:18:01 [scrapy.crawler] INFO: Overridden settings: {'BOT_NAME': 'VeryAccurate', 'CONCURRENT_REQUESTS': 32, 'COOKIES_ENABLED': False, 'DOWNLOAD_DELAY': 0.1, 'LOG_FILE': 'log/veryaccurate_2019_7_12.log', 'LOG_LEVEL': 'INFO', 'NEWSPIDER_MODULE': 'VeryAccurate.spiders', 'SPIDER_MODULES': ['VeryAccurate.spiders']}
2019-07-12 14:18:01 [scrapy.extensions.telnet] INFO: Telnet Password: 706c877344171c53
2019-07-12 14:18:01 [scrapy.middleware] INFO: Enabled extensions:
['scrapy.extensions.corestats.CoreStats',
 'scrapy.extensions.telnet.TelnetConsole',
 'scrapy.extensions.logstats.LogStats']
2019-07-12 14:18:01 [scrapy.middleware] INFO: Enabled downloader middlewares:
['scrapy.downloadermiddlewares.httpauth.HttpAuthMiddleware',
 'scrapy.downloadermiddlewares.downloadtimeout.DownloadTimeoutMiddleware',
 'scrapy.downloadermiddlewares.defaultheaders.DefaultHeadersMiddleware',
 'scrapy.downloadermiddlewares.useragent.UserAgentMiddleware',
 'VeryAccurate.middlewares.RandomUesrAgent',
 'scrapy.downloadermiddlewares.retry.RetryMiddleware',
 'scrapy.downloadermiddlewares.redirect.MetaRefreshMiddleware',
 'scrapy.downloadermiddlewares.httpcompression.HttpCompressionMiddleware',
 'scrapy.downloadermiddlewares.redirect.RedirectMiddleware',
 'scrapy.downloadermiddlewares.httpproxy.HttpProxyMiddleware',
 'scrapy.downloadermiddlewares.stats.DownloaderStats']
2019-07-12 14:18:01 [scrapy.middleware] INFO: Enabled spider middlewares:
['scrapy.spidermiddlewares.httperror.HttpErrorMiddleware',
 'scrapy.spidermiddlewares.offsite.OffsiteMiddleware',
 'scrapy.spidermiddlewares.referer.RefererMiddleware',
 'scrapy.spidermiddlewares.urllength.UrlLengthMiddleware',
 'scrapy.spidermiddlewares.depth.DepthMiddleware']
2019-07-12 14:18:02 [scrapy.middleware] INFO: Enabled item pipelines:
['VeryAccurate.pipelines.FilePipeline']
2019-07-12 14:18:02 [scrapy.core.engine] INFO: Spider opened
2019-07-12 14:18:02 [scrapy.extensions.logstats] INFO: Crawled 0 pages (at 0 pages/min), scraped 0 items (at 0 items/min)
2019-07-12 14:18:02 [scrapy.extensions.telnet] INFO: Telnet console listening on 127.0.0.1:6023
2019-07-12 14:18:06 [scrapy.core.engine] INFO: Closing spider (finished)
2019-07-12 14:18:06 [scrapy.statscollectors] INFO: Dumping Scrapy stats:
{'downloader/request_bytes': 301,
 'downloader/request_count': 1,
 'downloader/request_method_count/GET': 1,
 'downloader/response_bytes': 8823,
 'downloader/response_count': 1,
 'downloader/response_status_count/200': 1,
 'finish_reason': 'finished',
 'finish_time': datetime.datetime(2019, 7, 12, 6, 18, 6, 137105),
 'item_scraped_count': 3,
 'log_count/INFO': 9,
 'response_received_count': 1,
 'scheduler/dequeued': 1,
 'scheduler/dequeued/memory': 1,
 'scheduler/enqueued': 1,
 'scheduler/enqueued/memory': 1,
 'start_time': datetime.datetime(2019, 7, 12, 6, 18, 2, 12452)}
2019-07-12 14:18:06 [scrapy.core.engine] INFO: Spider closed (finished)
2019-07-12 14:46:01 [scrapy.utils.log] INFO: Scrapy 1.6.0 started (bot: VeryAccurate)
2019-07-12 14:46:01 [scrapy.utils.log] INFO: Versions: lxml 4.3.4.0, libxml2 2.9.5, cssselect 1.0.3, parsel 1.5.1, w3lib 1.20.0, Twisted 19.2.1, Python 3.7.1 (v3.7.1:260ec2c36a, Oct 20 2018, 14:57:15) [MSC v.1915 64 bit (AMD64)], pyOpenSSL 19.0.0 (OpenSSL 1.1.1b  26 Feb 2019), cryptography 2.6.1, Platform Windows-10-10.0.17134-SP0
2019-07-12 14:46:01 [scrapy.crawler] INFO: Overridden settings: {'BOT_NAME': 'VeryAccurate', 'CONCURRENT_REQUESTS': 32, 'COOKIES_ENABLED': False, 'DOWNLOAD_DELAY': 0.1, 'LOG_FILE': 'log/veryaccurate_2019_7_12.log', 'LOG_LEVEL': 'INFO', 'NEWSPIDER_MODULE': 'VeryAccurate.spiders', 'SPIDER_MODULES': ['VeryAccurate.spiders']}
2019-07-12 14:46:01 [scrapy.extensions.telnet] INFO: Telnet Password: 9b77084557ca51ef
2019-07-12 14:46:01 [scrapy.middleware] INFO: Enabled extensions:
['scrapy.extensions.corestats.CoreStats',
 'scrapy.extensions.telnet.TelnetConsole',
 'scrapy.extensions.logstats.LogStats']
2019-07-12 14:46:01 [scrapy.middleware] INFO: Enabled downloader middlewares:
['scrapy.downloadermiddlewares.httpauth.HttpAuthMiddleware',
 'scrapy.downloadermiddlewares.downloadtimeout.DownloadTimeoutMiddleware',
 'scrapy.downloadermiddlewares.defaultheaders.DefaultHeadersMiddleware',
 'scrapy.downloadermiddlewares.useragent.UserAgentMiddleware',
 'VeryAccurate.middlewares.RandomUesrAgent',
 'scrapy.downloadermiddlewares.retry.RetryMiddleware',
 'scrapy.downloadermiddlewares.redirect.MetaRefreshMiddleware',
 'scrapy.downloadermiddlewares.httpcompression.HttpCompressionMiddleware',
 'scrapy.downloadermiddlewares.redirect.RedirectMiddleware',
 'scrapy.downloadermiddlewares.httpproxy.HttpProxyMiddleware',
 'scrapy.downloadermiddlewares.stats.DownloaderStats']
2019-07-12 14:46:01 [scrapy.middleware] INFO: Enabled spider middlewares:
['scrapy.spidermiddlewares.httperror.HttpErrorMiddleware',
 'scrapy.spidermiddlewares.offsite.OffsiteMiddleware',
 'scrapy.spidermiddlewares.referer.RefererMiddleware',
 'scrapy.spidermiddlewares.urllength.UrlLengthMiddleware',
 'scrapy.spidermiddlewares.depth.DepthMiddleware']
2019-07-12 14:46:01 [scrapy.middleware] INFO: Enabled item pipelines:
['VeryAccurate.pipelines.FilePipeline']
2019-07-12 14:46:01 [scrapy.core.engine] INFO: Spider opened
2019-07-12 14:46:01 [scrapy.extensions.logstats] INFO: Crawled 0 pages (at 0 pages/min), scraped 0 items (at 0 items/min)
2019-07-12 14:46:01 [scrapy.extensions.telnet] INFO: Telnet console listening on 127.0.0.1:6023
2019-07-12 14:46:08 [root] ERROR: 程序出现异常!!!: list index out of range
2019-07-12 14:46:08 [scrapy.core.engine] INFO: Closing spider (finished)
2019-07-12 14:46:08 [scrapy.statscollectors] INFO: Dumping Scrapy stats:
{'downloader/request_bytes': 340,
 'downloader/request_count': 1,
 'downloader/request_method_count/GET': 1,
 'downloader/response_bytes': 8890,
 'downloader/response_count': 1,
 'downloader/response_status_count/200': 1,
 'finish_reason': 'finished',
 'finish_time': datetime.datetime(2019, 7, 12, 6, 46, 8, 157416),
 'item_scraped_count': 1,
 'log_count/ERROR': 1,
 'log_count/INFO': 9,
 'response_received_count': 1,
 'scheduler/dequeued': 1,
 'scheduler/dequeued/memory': 1,
 'scheduler/enqueued': 1,
 'scheduler/enqueued/memory': 1,
 'start_time': datetime.datetime(2019, 7, 12, 6, 46, 1, 985665)}
2019-07-12 14:46:08 [scrapy.core.engine] INFO: Spider closed (finished)
2019-07-12 14:47:04 [scrapy.utils.log] INFO: Scrapy 1.6.0 started (bot: VeryAccurate)
2019-07-12 14:47:04 [scrapy.utils.log] INFO: Versions: lxml 4.3.4.0, libxml2 2.9.5, cssselect 1.0.3, parsel 1.5.1, w3lib 1.20.0, Twisted 19.2.1, Python 3.7.1 (v3.7.1:260ec2c36a, Oct 20 2018, 14:57:15) [MSC v.1915 64 bit (AMD64)], pyOpenSSL 19.0.0 (OpenSSL 1.1.1b  26 Feb 2019), cryptography 2.6.1, Platform Windows-10-10.0.17134-SP0
2019-07-12 14:47:04 [scrapy.crawler] INFO: Overridden settings: {'BOT_NAME': 'VeryAccurate', 'CONCURRENT_REQUESTS': 32, 'COOKIES_ENABLED': False, 'DOWNLOAD_DELAY': 0.1, 'LOG_FILE': 'log/veryaccurate_2019_7_12.log', 'LOG_LEVEL': 'INFO', 'NEWSPIDER_MODULE': 'VeryAccurate.spiders', 'SPIDER_MODULES': ['VeryAccurate.spiders']}
2019-07-12 14:47:04 [scrapy.extensions.telnet] INFO: Telnet Password: 9f5a7f9571b3c3c2
2019-07-12 14:47:04 [scrapy.middleware] INFO: Enabled extensions:
['scrapy.extensions.corestats.CoreStats',
 'scrapy.extensions.telnet.TelnetConsole',
 'scrapy.extensions.logstats.LogStats']
2019-07-12 14:47:04 [scrapy.middleware] INFO: Enabled downloader middlewares:
['scrapy.downloadermiddlewares.httpauth.HttpAuthMiddleware',
 'scrapy.downloadermiddlewares.downloadtimeout.DownloadTimeoutMiddleware',
 'scrapy.downloadermiddlewares.defaultheaders.DefaultHeadersMiddleware',
 'scrapy.downloadermiddlewares.useragent.UserAgentMiddleware',
 'VeryAccurate.middlewares.RandomUesrAgent',
 'scrapy.downloadermiddlewares.retry.RetryMiddleware',
 'scrapy.downloadermiddlewares.redirect.MetaRefreshMiddleware',
 'scrapy.downloadermiddlewares.httpcompression.HttpCompressionMiddleware',
 'scrapy.downloadermiddlewares.redirect.RedirectMiddleware',
 'scrapy.downloadermiddlewares.httpproxy.HttpProxyMiddleware',
 'scrapy.downloadermiddlewares.stats.DownloaderStats']
2019-07-12 14:47:04 [scrapy.middleware] INFO: Enabled spider middlewares:
['scrapy.spidermiddlewares.httperror.HttpErrorMiddleware',
 'scrapy.spidermiddlewares.offsite.OffsiteMiddleware',
 'scrapy.spidermiddlewares.referer.RefererMiddleware',
 'scrapy.spidermiddlewares.urllength.UrlLengthMiddleware',
 'scrapy.spidermiddlewares.depth.DepthMiddleware']
2019-07-12 14:47:04 [scrapy.middleware] INFO: Enabled item pipelines:
['VeryAccurate.pipelines.FilePipeline']
2019-07-12 14:47:04 [scrapy.core.engine] INFO: Spider opened
2019-07-12 14:47:04 [scrapy.extensions.logstats] INFO: Crawled 0 pages (at 0 pages/min), scraped 0 items (at 0 items/min)
2019-07-12 14:47:04 [scrapy.extensions.telnet] INFO: Telnet console listening on 127.0.0.1:6023
2019-07-12 14:47:07 [scrapy.core.engine] INFO: Closing spider (finished)
2019-07-12 14:47:07 [scrapy.statscollectors] INFO: Dumping Scrapy stats:
{'downloader/request_bytes': 343,
 'downloader/request_count': 1,
 'downloader/request_method_count/GET': 1,
 'downloader/response_bytes': 9007,
 'downloader/response_count': 1,
 'downloader/response_status_count/200': 1,
 'finish_reason': 'finished',
 'finish_time': datetime.datetime(2019, 7, 12, 6, 47, 7, 604080),
 'item_scraped_count': 3,
 'log_count/INFO': 9,
 'response_received_count': 1,
 'scheduler/dequeued': 1,
 'scheduler/dequeued/memory': 1,
 'scheduler/enqueued': 1,
 'scheduler/enqueued/memory': 1,
 'start_time': datetime.datetime(2019, 7, 12, 6, 47, 4, 505046)}
2019-07-12 14:47:07 [scrapy.core.engine] INFO: Spider closed (finished)
2019-07-12 14:48:20 [scrapy.utils.log] INFO: Scrapy 1.6.0 started (bot: VeryAccurate)
2019-07-12 14:48:20 [scrapy.utils.log] INFO: Versions: lxml 4.3.4.0, libxml2 2.9.5, cssselect 1.0.3, parsel 1.5.1, w3lib 1.20.0, Twisted 19.2.1, Python 3.7.1 (v3.7.1:260ec2c36a, Oct 20 2018, 14:57:15) [MSC v.1915 64 bit (AMD64)], pyOpenSSL 19.0.0 (OpenSSL 1.1.1b  26 Feb 2019), cryptography 2.6.1, Platform Windows-10-10.0.17134-SP0
2019-07-12 14:48:20 [scrapy.crawler] INFO: Overridden settings: {'BOT_NAME': 'VeryAccurate', 'CONCURRENT_REQUESTS': 32, 'COOKIES_ENABLED': False, 'DOWNLOAD_DELAY': 0.1, 'LOG_FILE': 'log/veryaccurate_2019_7_12.log', 'LOG_LEVEL': 'INFO', 'NEWSPIDER_MODULE': 'VeryAccurate.spiders', 'SPIDER_MODULES': ['VeryAccurate.spiders']}
2019-07-12 14:48:20 [scrapy.extensions.telnet] INFO: Telnet Password: 88456efcd36b1eae
2019-07-12 14:48:20 [scrapy.middleware] INFO: Enabled extensions:
['scrapy.extensions.corestats.CoreStats',
 'scrapy.extensions.telnet.TelnetConsole',
 'scrapy.extensions.logstats.LogStats']
2019-07-12 14:48:20 [scrapy.middleware] INFO: Enabled downloader middlewares:
['scrapy.downloadermiddlewares.httpauth.HttpAuthMiddleware',
 'scrapy.downloadermiddlewares.downloadtimeout.DownloadTimeoutMiddleware',
 'scrapy.downloadermiddlewares.defaultheaders.DefaultHeadersMiddleware',
 'scrapy.downloadermiddlewares.useragent.UserAgentMiddleware',
 'VeryAccurate.middlewares.RandomUesrAgent',
 'scrapy.downloadermiddlewares.retry.RetryMiddleware',
 'scrapy.downloadermiddlewares.redirect.MetaRefreshMiddleware',
 'scrapy.downloadermiddlewares.httpcompression.HttpCompressionMiddleware',
 'scrapy.downloadermiddlewares.redirect.RedirectMiddleware',
 'scrapy.downloadermiddlewares.httpproxy.HttpProxyMiddleware',
 'scrapy.downloadermiddlewares.stats.DownloaderStats']
2019-07-12 14:48:20 [scrapy.middleware] INFO: Enabled spider middlewares:
['scrapy.spidermiddlewares.httperror.HttpErrorMiddleware',
 'scrapy.spidermiddlewares.offsite.OffsiteMiddleware',
 'scrapy.spidermiddlewares.referer.RefererMiddleware',
 'scrapy.spidermiddlewares.urllength.UrlLengthMiddleware',
 'scrapy.spidermiddlewares.depth.DepthMiddleware']
2019-07-12 14:48:20 [scrapy.middleware] INFO: Enabled item pipelines:
['VeryAccurate.pipelines.FilePipeline']
2019-07-12 14:48:20 [scrapy.core.engine] INFO: Spider opened
2019-07-12 14:48:20 [scrapy.extensions.logstats] INFO: Crawled 0 pages (at 0 pages/min), scraped 0 items (at 0 items/min)
2019-07-12 14:48:20 [scrapy.extensions.telnet] INFO: Telnet console listening on 127.0.0.1:6023
2019-07-12 14:48:23 [scrapy.core.engine] INFO: Closing spider (finished)
2019-07-12 14:48:23 [scrapy.statscollectors] INFO: Dumping Scrapy stats:
{'downloader/request_bytes': 342,
 'downloader/request_count': 1,
 'downloader/request_method_count/GET': 1,
 'downloader/response_bytes': 9008,
 'downloader/response_count': 1,
 'downloader/response_status_count/200': 1,
 'finish_reason': 'finished',
 'finish_time': datetime.datetime(2019, 7, 12, 6, 48, 23, 457820),
 'item_scraped_count': 3,
 'log_count/INFO': 9,
 'response_received_count': 1,
 'scheduler/dequeued': 1,
 'scheduler/dequeued/memory': 1,
 'scheduler/enqueued': 1,
 'scheduler/enqueued/memory': 1,
 'start_time': datetime.datetime(2019, 7, 12, 6, 48, 20, 473135)}
2019-07-12 14:48:23 [scrapy.core.engine] INFO: Spider closed (finished)
2019-07-12 14:53:06 [scrapy.utils.log] INFO: Scrapy 1.6.0 started (bot: VeryAccurate)
2019-07-12 14:53:06 [scrapy.utils.log] INFO: Versions: lxml 4.3.4.0, libxml2 2.9.5, cssselect 1.0.3, parsel 1.5.1, w3lib 1.20.0, Twisted 19.2.1, Python 3.7.1 (v3.7.1:260ec2c36a, Oct 20 2018, 14:57:15) [MSC v.1915 64 bit (AMD64)], pyOpenSSL 19.0.0 (OpenSSL 1.1.1b  26 Feb 2019), cryptography 2.6.1, Platform Windows-10-10.0.17134-SP0
2019-07-12 14:53:06 [scrapy.crawler] INFO: Overridden settings: {'BOT_NAME': 'VeryAccurate', 'CONCURRENT_REQUESTS': 32, 'COOKIES_ENABLED': False, 'LOG_FILE': 'log/veryaccurate_2019_7_12.log', 'LOG_LEVEL': 'INFO', 'NEWSPIDER_MODULE': 'VeryAccurate.spiders', 'SPIDER_MODULES': ['VeryAccurate.spiders']}
2019-07-12 14:53:06 [scrapy.extensions.telnet] INFO: Telnet Password: b36df665aa64967f
2019-07-12 14:53:06 [scrapy.middleware] INFO: Enabled extensions:
['scrapy.extensions.corestats.CoreStats',
 'scrapy.extensions.telnet.TelnetConsole',
 'scrapy.extensions.logstats.LogStats']
2019-07-12 14:53:06 [scrapy.middleware] INFO: Enabled downloader middlewares:
['scrapy.downloadermiddlewares.httpauth.HttpAuthMiddleware',
 'scrapy.downloadermiddlewares.downloadtimeout.DownloadTimeoutMiddleware',
 'scrapy.downloadermiddlewares.defaultheaders.DefaultHeadersMiddleware',
 'scrapy.downloadermiddlewares.useragent.UserAgentMiddleware',
 'VeryAccurate.middlewares.RandomUesrAgent',
 'scrapy.downloadermiddlewares.retry.RetryMiddleware',
 'scrapy.downloadermiddlewares.redirect.MetaRefreshMiddleware',
 'scrapy.downloadermiddlewares.httpcompression.HttpCompressionMiddleware',
 'scrapy.downloadermiddlewares.redirect.RedirectMiddleware',
 'scrapy.downloadermiddlewares.httpproxy.HttpProxyMiddleware',
 'scrapy.downloadermiddlewares.stats.DownloaderStats']
2019-07-12 14:53:06 [scrapy.middleware] INFO: Enabled spider middlewares:
['scrapy.spidermiddlewares.httperror.HttpErrorMiddleware',
 'scrapy.spidermiddlewares.offsite.OffsiteMiddleware',
 'scrapy.spidermiddlewares.referer.RefererMiddleware',
 'scrapy.spidermiddlewares.urllength.UrlLengthMiddleware',
 'scrapy.spidermiddlewares.depth.DepthMiddleware']
2019-07-12 14:53:06 [scrapy.middleware] INFO: Enabled item pipelines:
['VeryAccurate.pipelines.FilePipeline']
2019-07-12 14:53:06 [scrapy.core.engine] INFO: Spider opened
2019-07-12 14:53:06 [scrapy.extensions.logstats] INFO: Crawled 0 pages (at 0 pages/min), scraped 0 items (at 0 items/min)
2019-07-12 14:53:06 [scrapy.extensions.telnet] INFO: Telnet console listening on 127.0.0.1:6023
2019-07-12 14:53:09 [scrapy.core.scraper] ERROR: Spider error processing <GET http://www.variflight.com/flight/fnum/3U5070.html?AE71649A58c77&fdate=20190712> (referer: None)
Traceback (most recent call last):
  File "e:\python37\lib\site-packages\scrapy\utils\defer.py", line 102, in iter_errback
    yield next(it)
  File "e:\python37\lib\site-packages\scrapy\spidermiddlewares\offsite.py", line 29, in process_spider_output
    for x in result:
  File "e:\python37\lib\site-packages\scrapy\spidermiddlewares\referer.py", line 339, in <genexpr>
    return (_set_referer(r) for r in result or ())
  File "e:\python37\lib\site-packages\scrapy\spidermiddlewares\urllength.py", line 37, in <genexpr>
    return (r for r in result or () if _filter(r))
  File "e:\python37\lib\site-packages\scrapy\spidermiddlewares\depth.py", line 58, in <genexpr>
    return (r for r in result or () if _filter(r))
  File "F:\Pycharm_projects\VeryAccurate\VeryAccurate\spiders\veryaccurate.py", line 207, in parse_page
    print(log)
OSError: [Errno 22] Invalid argument
2019-07-12 14:53:09 [scrapy.core.engine] INFO: Closing spider (finished)
2019-07-12 14:53:09 [scrapy.statscollectors] INFO: Dumping Scrapy stats:
{'downloader/request_bytes': 353,
 'downloader/request_count': 1,
 'downloader/request_method_count/GET': 1,
 'downloader/response_bytes': 8608,
 'downloader/response_count': 1,
 'downloader/response_status_count/200': 1,
 'finish_reason': 'finished',
 'finish_time': datetime.datetime(2019, 7, 12, 6, 53, 9, 329487),
 'item_scraped_count': 1,
 'log_count/ERROR': 1,
 'log_count/INFO': 9,
 'response_received_count': 1,
 'scheduler/dequeued': 1,
 'scheduler/dequeued/memory': 1,
 'scheduler/enqueued': 1,
 'scheduler/enqueued/memory': 1,
 'spider_exceptions/OSError': 1,
 'start_time': datetime.datetime(2019, 7, 12, 6, 53, 6, 369330)}
2019-07-12 14:53:09 [scrapy.core.engine] INFO: Spider closed (finished)
2019-07-12 14:53:09 [scrapy.utils.log] INFO: Scrapy 1.6.0 started (bot: VeryAccurate)
2019-07-12 14:53:09 [scrapy.utils.log] INFO: Versions: lxml 4.3.4.0, libxml2 2.9.5, cssselect 1.0.3, parsel 1.5.1, w3lib 1.20.0, Twisted 19.2.1, Python 3.7.1 (v3.7.1:260ec2c36a, Oct 20 2018, 14:57:15) [MSC v.1915 64 bit (AMD64)], pyOpenSSL 19.0.0 (OpenSSL 1.1.1b  26 Feb 2019), cryptography 2.6.1, Platform Windows-10-10.0.17134-SP0
2019-07-12 14:53:09 [scrapy.crawler] INFO: Overridden settings: {'BOT_NAME': 'VeryAccurate', 'CONCURRENT_REQUESTS': 32, 'COOKIES_ENABLED': False, 'LOG_FILE': 'log/veryaccurate_2019_7_12.log', 'LOG_LEVEL': 'INFO', 'NEWSPIDER_MODULE': 'VeryAccurate.spiders', 'SPIDER_MODULES': ['VeryAccurate.spiders']}
2019-07-12 14:53:09 [scrapy.extensions.telnet] INFO: Telnet Password: be727b9fcc0a3c6f
2019-07-12 14:53:09 [scrapy.middleware] INFO: Enabled extensions:
['scrapy.extensions.corestats.CoreStats',
 'scrapy.extensions.telnet.TelnetConsole',
 'scrapy.extensions.logstats.LogStats']
2019-07-12 14:53:09 [scrapy.middleware] INFO: Enabled downloader middlewares:
['scrapy.downloadermiddlewares.httpauth.HttpAuthMiddleware',
 'scrapy.downloadermiddlewares.downloadtimeout.DownloadTimeoutMiddleware',
 'scrapy.downloadermiddlewares.defaultheaders.DefaultHeadersMiddleware',
 'scrapy.downloadermiddlewares.useragent.UserAgentMiddleware',
 'VeryAccurate.middlewares.RandomUesrAgent',
 'scrapy.downloadermiddlewares.retry.RetryMiddleware',
 'scrapy.downloadermiddlewares.redirect.MetaRefreshMiddleware',
 'scrapy.downloadermiddlewares.httpcompression.HttpCompressionMiddleware',
 'scrapy.downloadermiddlewares.redirect.RedirectMiddleware',
 'scrapy.downloadermiddlewares.httpproxy.HttpProxyMiddleware',
 'scrapy.downloadermiddlewares.stats.DownloaderStats']
2019-07-12 14:53:09 [scrapy.middleware] INFO: Enabled spider middlewares:
['scrapy.spidermiddlewares.httperror.HttpErrorMiddleware',
 'scrapy.spidermiddlewares.offsite.OffsiteMiddleware',
 'scrapy.spidermiddlewares.referer.RefererMiddleware',
 'scrapy.spidermiddlewares.urllength.UrlLengthMiddleware',
 'scrapy.spidermiddlewares.depth.DepthMiddleware']
2019-07-12 14:53:09 [scrapy.middleware] INFO: Enabled item pipelines:
['VeryAccurate.pipelines.FilePipeline']
2019-07-12 14:53:09 [scrapy.core.engine] INFO: Spider opened
2019-07-12 14:53:09 [scrapy.extensions.logstats] INFO: Crawled 0 pages (at 0 pages/min), scraped 0 items (at 0 items/min)
2019-07-12 14:53:09 [scrapy.extensions.telnet] INFO: Telnet console listening on 127.0.0.1:6023
2019-07-12 14:53:11 [scrapy.core.engine] INFO: Closing spider (finished)
2019-07-12 14:53:11 [scrapy.statscollectors] INFO: Dumping Scrapy stats:
{'downloader/request_bytes': 354,
 'downloader/request_count': 1,
 'downloader/request_method_count/GET': 1,
 'downloader/response_bytes': 8603,
 'downloader/response_count': 1,
 'downloader/response_status_count/200': 1,
 'finish_reason': 'finished',
 'finish_time': datetime.datetime(2019, 7, 12, 6, 53, 11, 373202),
 'item_scraped_count': 1,
 'log_count/INFO': 9,
 'response_received_count': 1,
 'scheduler/dequeued': 1,
 'scheduler/dequeued/memory': 1,
 'scheduler/enqueued': 1,
 'scheduler/enqueued/memory': 1,
 'start_time': datetime.datetime(2019, 7, 12, 6, 53, 9, 668605)}
2019-07-12 14:53:11 [scrapy.core.engine] INFO: Spider closed (finished)
2019-07-12 14:53:19 [scrapy.utils.log] INFO: Scrapy 1.6.0 started (bot: VeryAccurate)
2019-07-12 14:53:19 [scrapy.utils.log] INFO: Versions: lxml 4.3.4.0, libxml2 2.9.5, cssselect 1.0.3, parsel 1.5.1, w3lib 1.20.0, Twisted 19.2.1, Python 3.7.1 (v3.7.1:260ec2c36a, Oct 20 2018, 14:57:15) [MSC v.1915 64 bit (AMD64)], pyOpenSSL 19.0.0 (OpenSSL 1.1.1b  26 Feb 2019), cryptography 2.6.1, Platform Windows-10-10.0.17134-SP0
2019-07-12 14:53:19 [scrapy.crawler] INFO: Overridden settings: {'BOT_NAME': 'VeryAccurate', 'CONCURRENT_REQUESTS': 32, 'COOKIES_ENABLED': False, 'LOG_FILE': 'log/veryaccurate_2019_7_12.log', 'LOG_LEVEL': 'INFO', 'NEWSPIDER_MODULE': 'VeryAccurate.spiders', 'SPIDER_MODULES': ['VeryAccurate.spiders']}
2019-07-12 14:53:19 [scrapy.extensions.telnet] INFO: Telnet Password: b1776c1c139837e5
2019-07-12 14:53:19 [scrapy.middleware] INFO: Enabled extensions:
['scrapy.extensions.corestats.CoreStats',
 'scrapy.extensions.telnet.TelnetConsole',
 'scrapy.extensions.logstats.LogStats']
2019-07-12 14:53:20 [scrapy.middleware] INFO: Enabled downloader middlewares:
['scrapy.downloadermiddlewares.httpauth.HttpAuthMiddleware',
 'scrapy.downloadermiddlewares.downloadtimeout.DownloadTimeoutMiddleware',
 'scrapy.downloadermiddlewares.defaultheaders.DefaultHeadersMiddleware',
 'scrapy.downloadermiddlewares.useragent.UserAgentMiddleware',
 'VeryAccurate.middlewares.RandomUesrAgent',
 'scrapy.downloadermiddlewares.retry.RetryMiddleware',
 'scrapy.downloadermiddlewares.redirect.MetaRefreshMiddleware',
 'scrapy.downloadermiddlewares.httpcompression.HttpCompressionMiddleware',
 'scrapy.downloadermiddlewares.redirect.RedirectMiddleware',
 'scrapy.downloadermiddlewares.httpproxy.HttpProxyMiddleware',
 'scrapy.downloadermiddlewares.stats.DownloaderStats']
2019-07-12 14:53:20 [scrapy.middleware] INFO: Enabled spider middlewares:
['scrapy.spidermiddlewares.httperror.HttpErrorMiddleware',
 'scrapy.spidermiddlewares.offsite.OffsiteMiddleware',
 'scrapy.spidermiddlewares.referer.RefererMiddleware',
 'scrapy.spidermiddlewares.urllength.UrlLengthMiddleware',
 'scrapy.spidermiddlewares.depth.DepthMiddleware']
2019-07-12 14:53:20 [scrapy.middleware] INFO: Enabled item pipelines:
['VeryAccurate.pipelines.FilePipeline']
2019-07-12 14:53:20 [scrapy.core.engine] INFO: Spider opened
2019-07-12 14:53:20 [scrapy.extensions.logstats] INFO: Crawled 0 pages (at 0 pages/min), scraped 0 items (at 0 items/min)
2019-07-12 14:53:20 [scrapy.extensions.telnet] INFO: Telnet console listening on 127.0.0.1:6023
2019-07-12 14:53:22 [scrapy.core.engine] INFO: Closing spider (finished)
2019-07-12 14:53:22 [scrapy.statscollectors] INFO: Dumping Scrapy stats:
{'downloader/request_bytes': 342,
 'downloader/request_count': 1,
 'downloader/request_method_count/GET': 1,
 'downloader/response_bytes': 8891,
 'downloader/response_count': 1,
 'downloader/response_status_count/200': 1,
 'finish_reason': 'finished',
 'finish_time': datetime.datetime(2019, 7, 12, 6, 53, 22, 567008),
 'item_scraped_count': 3,
 'log_count/INFO': 9,
 'response_received_count': 1,
 'scheduler/dequeued': 1,
 'scheduler/dequeued/memory': 1,
 'scheduler/enqueued': 1,
 'scheduler/enqueued/memory': 1,
 'start_time': datetime.datetime(2019, 7, 12, 6, 53, 20, 241289)}
2019-07-12 14:53:22 [scrapy.core.engine] INFO: Spider closed (finished)
2019-07-12 14:55:41 [scrapy.utils.log] INFO: Scrapy 1.6.0 started (bot: VeryAccurate)
2019-07-12 14:55:41 [scrapy.utils.log] INFO: Versions: lxml 4.3.4.0, libxml2 2.9.5, cssselect 1.0.3, parsel 1.5.1, w3lib 1.20.0, Twisted 19.2.1, Python 3.7.1 (v3.7.1:260ec2c36a, Oct 20 2018, 14:57:15) [MSC v.1915 64 bit (AMD64)], pyOpenSSL 19.0.0 (OpenSSL 1.1.1b  26 Feb 2019), cryptography 2.6.1, Platform Windows-10-10.0.17134-SP0
2019-07-12 14:55:41 [scrapy.crawler] INFO: Overridden settings: {'BOT_NAME': 'VeryAccurate', 'CONCURRENT_REQUESTS': 32, 'COOKIES_ENABLED': False, 'LOG_FILE': 'log/veryaccurate_2019_7_12.log', 'LOG_LEVEL': 'INFO', 'NEWSPIDER_MODULE': 'VeryAccurate.spiders', 'SPIDER_MODULES': ['VeryAccurate.spiders']}
2019-07-12 14:55:41 [scrapy.extensions.telnet] INFO: Telnet Password: 87ae6b7b57996cf1
2019-07-12 14:55:41 [scrapy.middleware] INFO: Enabled extensions:
['scrapy.extensions.corestats.CoreStats',
 'scrapy.extensions.telnet.TelnetConsole',
 'scrapy.extensions.logstats.LogStats']
2019-07-12 14:55:41 [scrapy.middleware] INFO: Enabled downloader middlewares:
['scrapy.downloadermiddlewares.httpauth.HttpAuthMiddleware',
 'scrapy.downloadermiddlewares.downloadtimeout.DownloadTimeoutMiddleware',
 'scrapy.downloadermiddlewares.defaultheaders.DefaultHeadersMiddleware',
 'scrapy.downloadermiddlewares.useragent.UserAgentMiddleware',
 'VeryAccurate.middlewares.RandomUesrAgent',
 'scrapy.downloadermiddlewares.retry.RetryMiddleware',
 'scrapy.downloadermiddlewares.redirect.MetaRefreshMiddleware',
 'scrapy.downloadermiddlewares.httpcompression.HttpCompressionMiddleware',
 'scrapy.downloadermiddlewares.redirect.RedirectMiddleware',
 'scrapy.downloadermiddlewares.httpproxy.HttpProxyMiddleware',
 'scrapy.downloadermiddlewares.stats.DownloaderStats']
2019-07-12 14:55:41 [scrapy.middleware] INFO: Enabled spider middlewares:
['scrapy.spidermiddlewares.httperror.HttpErrorMiddleware',
 'scrapy.spidermiddlewares.offsite.OffsiteMiddleware',
 'scrapy.spidermiddlewares.referer.RefererMiddleware',
 'scrapy.spidermiddlewares.urllength.UrlLengthMiddleware',
 'scrapy.spidermiddlewares.depth.DepthMiddleware']
2019-07-12 14:55:41 [scrapy.middleware] INFO: Enabled item pipelines:
['VeryAccurate.pipelines.FilePipeline']
2019-07-12 14:55:41 [scrapy.core.engine] INFO: Spider opened
2019-07-12 14:55:41 [scrapy.extensions.logstats] INFO: Crawled 0 pages (at 0 pages/min), scraped 0 items (at 0 items/min)
2019-07-12 14:55:41 [scrapy.extensions.telnet] INFO: Telnet console listening on 127.0.0.1:6023
2019-07-12 14:55:44 [scrapy.core.engine] INFO: Closing spider (finished)
2019-07-12 14:55:44 [scrapy.statscollectors] INFO: Dumping Scrapy stats:
{'downloader/request_bytes': 342,
 'downloader/request_count': 1,
 'downloader/request_method_count/GET': 1,
 'downloader/response_bytes': 8560,
 'downloader/response_count': 1,
 'downloader/response_status_count/200': 1,
 'finish_reason': 'finished',
 'finish_time': datetime.datetime(2019, 7, 12, 6, 55, 44, 77713),
 'item_scraped_count': 1,
 'log_count/INFO': 9,
 'response_received_count': 1,
 'scheduler/dequeued': 1,
 'scheduler/dequeued/memory': 1,
 'scheduler/enqueued': 1,
 'scheduler/enqueued/memory': 1,
 'start_time': datetime.datetime(2019, 7, 12, 6, 55, 41, 817890)}
2019-07-12 14:55:44 [scrapy.core.engine] INFO: Spider closed (finished)
2019-07-12 14:56:37 [scrapy.utils.log] INFO: Scrapy 1.6.0 started (bot: VeryAccurate)
2019-07-12 14:56:37 [scrapy.utils.log] INFO: Versions: lxml 4.3.4.0, libxml2 2.9.5, cssselect 1.0.3, parsel 1.5.1, w3lib 1.20.0, Twisted 19.2.1, Python 3.7.1 (v3.7.1:260ec2c36a, Oct 20 2018, 14:57:15) [MSC v.1915 64 bit (AMD64)], pyOpenSSL 19.0.0 (OpenSSL 1.1.1b  26 Feb 2019), cryptography 2.6.1, Platform Windows-10-10.0.17134-SP0
2019-07-12 14:56:37 [scrapy.crawler] INFO: Overridden settings: {'BOT_NAME': 'VeryAccurate', 'CONCURRENT_REQUESTS': 32, 'COOKIES_ENABLED': False, 'LOG_FILE': 'log/veryaccurate_2019_7_12.log', 'LOG_LEVEL': 'INFO', 'NEWSPIDER_MODULE': 'VeryAccurate.spiders', 'SPIDER_MODULES': ['VeryAccurate.spiders']}
2019-07-12 14:56:37 [scrapy.extensions.telnet] INFO: Telnet Password: aa932ede14e31b39
2019-07-12 14:56:37 [scrapy.middleware] INFO: Enabled extensions:
['scrapy.extensions.corestats.CoreStats',
 'scrapy.extensions.telnet.TelnetConsole',
 'scrapy.extensions.logstats.LogStats']
2019-07-12 14:56:37 [scrapy.middleware] INFO: Enabled downloader middlewares:
['scrapy.downloadermiddlewares.httpauth.HttpAuthMiddleware',
 'scrapy.downloadermiddlewares.downloadtimeout.DownloadTimeoutMiddleware',
 'scrapy.downloadermiddlewares.defaultheaders.DefaultHeadersMiddleware',
 'scrapy.downloadermiddlewares.useragent.UserAgentMiddleware',
 'VeryAccurate.middlewares.RandomUesrAgent',
 'scrapy.downloadermiddlewares.retry.RetryMiddleware',
 'scrapy.downloadermiddlewares.redirect.MetaRefreshMiddleware',
 'scrapy.downloadermiddlewares.httpcompression.HttpCompressionMiddleware',
 'scrapy.downloadermiddlewares.redirect.RedirectMiddleware',
 'scrapy.downloadermiddlewares.httpproxy.HttpProxyMiddleware',
 'scrapy.downloadermiddlewares.stats.DownloaderStats']
2019-07-12 14:56:37 [scrapy.middleware] INFO: Enabled spider middlewares:
['scrapy.spidermiddlewares.httperror.HttpErrorMiddleware',
 'scrapy.spidermiddlewares.offsite.OffsiteMiddleware',
 'scrapy.spidermiddlewares.referer.RefererMiddleware',
 'scrapy.spidermiddlewares.urllength.UrlLengthMiddleware',
 'scrapy.spidermiddlewares.depth.DepthMiddleware']
2019-07-12 14:56:37 [scrapy.middleware] INFO: Enabled item pipelines:
['VeryAccurate.pipelines.FilePipeline']
2019-07-12 14:56:37 [scrapy.core.engine] INFO: Spider opened
2019-07-12 14:56:37 [scrapy.extensions.logstats] INFO: Crawled 0 pages (at 0 pages/min), scraped 0 items (at 0 items/min)
2019-07-12 14:56:37 [scrapy.extensions.telnet] INFO: Telnet console listening on 127.0.0.1:6023
2019-07-12 14:56:40 [root] ERROR: 程序出现异常!!!: list index out of range
2019-07-12 14:56:40 [scrapy.core.engine] INFO: Closing spider (finished)
2019-07-12 14:56:40 [scrapy.statscollectors] INFO: Dumping Scrapy stats:
{'downloader/request_bytes': 342,
 'downloader/request_count': 1,
 'downloader/request_method_count/GET': 1,
 'downloader/response_bytes': 8561,
 'downloader/response_count': 1,
 'downloader/response_status_count/200': 1,
 'finish_reason': 'finished',
 'finish_time': datetime.datetime(2019, 7, 12, 6, 56, 40, 636799),
 'log_count/ERROR': 1,
 'log_count/INFO': 9,
 'response_received_count': 1,
 'scheduler/dequeued': 1,
 'scheduler/dequeued/memory': 1,
 'scheduler/enqueued': 1,
 'scheduler/enqueued/memory': 1,
 'start_time': datetime.datetime(2019, 7, 12, 6, 56, 37, 835115)}
2019-07-12 14:56:40 [scrapy.core.engine] INFO: Spider closed (finished)
2019-07-12 14:57:23 [scrapy.utils.log] INFO: Scrapy 1.6.0 started (bot: VeryAccurate)
2019-07-12 14:57:23 [scrapy.utils.log] INFO: Versions: lxml 4.3.4.0, libxml2 2.9.5, cssselect 1.0.3, parsel 1.5.1, w3lib 1.20.0, Twisted 19.2.1, Python 3.7.1 (v3.7.1:260ec2c36a, Oct 20 2018, 14:57:15) [MSC v.1915 64 bit (AMD64)], pyOpenSSL 19.0.0 (OpenSSL 1.1.1b  26 Feb 2019), cryptography 2.6.1, Platform Windows-10-10.0.17134-SP0
2019-07-12 14:57:23 [scrapy.crawler] INFO: Overridden settings: {'BOT_NAME': 'VeryAccurate', 'CONCURRENT_REQUESTS': 32, 'COOKIES_ENABLED': False, 'LOG_FILE': 'log/veryaccurate_2019_7_12.log', 'LOG_LEVEL': 'INFO', 'NEWSPIDER_MODULE': 'VeryAccurate.spiders', 'SPIDER_MODULES': ['VeryAccurate.spiders']}
2019-07-12 14:57:23 [scrapy.extensions.telnet] INFO: Telnet Password: 7c68a41abd18d028
2019-07-12 14:57:23 [scrapy.middleware] INFO: Enabled extensions:
['scrapy.extensions.corestats.CoreStats',
 'scrapy.extensions.telnet.TelnetConsole',
 'scrapy.extensions.logstats.LogStats']
2019-07-12 14:57:23 [scrapy.middleware] INFO: Enabled downloader middlewares:
['scrapy.downloadermiddlewares.httpauth.HttpAuthMiddleware',
 'scrapy.downloadermiddlewares.downloadtimeout.DownloadTimeoutMiddleware',
 'scrapy.downloadermiddlewares.defaultheaders.DefaultHeadersMiddleware',
 'scrapy.downloadermiddlewares.useragent.UserAgentMiddleware',
 'VeryAccurate.middlewares.RandomUesrAgent',
 'scrapy.downloadermiddlewares.retry.RetryMiddleware',
 'scrapy.downloadermiddlewares.redirect.MetaRefreshMiddleware',
 'scrapy.downloadermiddlewares.httpcompression.HttpCompressionMiddleware',
 'scrapy.downloadermiddlewares.redirect.RedirectMiddleware',
 'scrapy.downloadermiddlewares.httpproxy.HttpProxyMiddleware',
 'scrapy.downloadermiddlewares.stats.DownloaderStats']
2019-07-12 14:57:23 [scrapy.middleware] INFO: Enabled spider middlewares:
['scrapy.spidermiddlewares.httperror.HttpErrorMiddleware',
 'scrapy.spidermiddlewares.offsite.OffsiteMiddleware',
 'scrapy.spidermiddlewares.referer.RefererMiddleware',
 'scrapy.spidermiddlewares.urllength.UrlLengthMiddleware',
 'scrapy.spidermiddlewares.depth.DepthMiddleware']
2019-07-12 14:57:23 [scrapy.middleware] INFO: Enabled item pipelines:
['VeryAccurate.pipelines.FilePipeline']
2019-07-12 14:57:23 [scrapy.core.engine] INFO: Spider opened
2019-07-12 14:57:23 [scrapy.extensions.logstats] INFO: Crawled 0 pages (at 0 pages/min), scraped 0 items (at 0 items/min)
2019-07-12 14:57:23 [scrapy.extensions.telnet] INFO: Telnet console listening on 127.0.0.1:6023
2019-07-12 14:57:26 [scrapy.core.engine] INFO: Closing spider (finished)
2019-07-12 14:57:26 [scrapy.statscollectors] INFO: Dumping Scrapy stats:
{'downloader/request_bytes': 342,
 'downloader/request_count': 1,
 'downloader/request_method_count/GET': 1,
 'downloader/response_bytes': 8889,
 'downloader/response_count': 1,
 'downloader/response_status_count/200': 1,
 'finish_reason': 'finished',
 'finish_time': datetime.datetime(2019, 7, 12, 6, 57, 26, 551162),
 'item_scraped_count': 3,
 'log_count/INFO': 9,
 'response_received_count': 1,
 'scheduler/dequeued': 1,
 'scheduler/dequeued/memory': 1,
 'scheduler/enqueued': 1,
 'scheduler/enqueued/memory': 1,
 'start_time': datetime.datetime(2019, 7, 12, 6, 57, 23, 847268)}
2019-07-12 14:57:26 [scrapy.core.engine] INFO: Spider closed (finished)
2019-07-12 14:59:05 [scrapy.utils.log] INFO: Scrapy 1.6.0 started (bot: VeryAccurate)
2019-07-12 14:59:05 [scrapy.utils.log] INFO: Versions: lxml 4.3.4.0, libxml2 2.9.5, cssselect 1.0.3, parsel 1.5.1, w3lib 1.20.0, Twisted 19.2.1, Python 3.7.1 (v3.7.1:260ec2c36a, Oct 20 2018, 14:57:15) [MSC v.1915 64 bit (AMD64)], pyOpenSSL 19.0.0 (OpenSSL 1.1.1b  26 Feb 2019), cryptography 2.6.1, Platform Windows-10-10.0.17134-SP0
2019-07-12 14:59:05 [scrapy.crawler] INFO: Overridden settings: {'BOT_NAME': 'VeryAccurate', 'CONCURRENT_REQUESTS': 32, 'COOKIES_ENABLED': False, 'LOG_FILE': 'log/veryaccurate_2019_7_12.log', 'LOG_LEVEL': 'INFO', 'NEWSPIDER_MODULE': 'VeryAccurate.spiders', 'SPIDER_MODULES': ['VeryAccurate.spiders']}
2019-07-12 14:59:05 [scrapy.extensions.telnet] INFO: Telnet Password: f54140a28678c235
2019-07-12 14:59:05 [scrapy.middleware] INFO: Enabled extensions:
['scrapy.extensions.corestats.CoreStats',
 'scrapy.extensions.telnet.TelnetConsole',
 'scrapy.extensions.logstats.LogStats']
2019-07-12 14:59:06 [scrapy.middleware] INFO: Enabled downloader middlewares:
['scrapy.downloadermiddlewares.httpauth.HttpAuthMiddleware',
 'scrapy.downloadermiddlewares.downloadtimeout.DownloadTimeoutMiddleware',
 'scrapy.downloadermiddlewares.defaultheaders.DefaultHeadersMiddleware',
 'scrapy.downloadermiddlewares.useragent.UserAgentMiddleware',
 'VeryAccurate.middlewares.RandomUesrAgent',
 'scrapy.downloadermiddlewares.retry.RetryMiddleware',
 'scrapy.downloadermiddlewares.redirect.MetaRefreshMiddleware',
 'scrapy.downloadermiddlewares.httpcompression.HttpCompressionMiddleware',
 'scrapy.downloadermiddlewares.redirect.RedirectMiddleware',
 'scrapy.downloadermiddlewares.httpproxy.HttpProxyMiddleware',
 'scrapy.downloadermiddlewares.stats.DownloaderStats']
2019-07-12 14:59:06 [scrapy.middleware] INFO: Enabled spider middlewares:
['scrapy.spidermiddlewares.httperror.HttpErrorMiddleware',
 'scrapy.spidermiddlewares.offsite.OffsiteMiddleware',
 'scrapy.spidermiddlewares.referer.RefererMiddleware',
 'scrapy.spidermiddlewares.urllength.UrlLengthMiddleware',
 'scrapy.spidermiddlewares.depth.DepthMiddleware']
2019-07-12 14:59:06 [scrapy.middleware] INFO: Enabled item pipelines:
['VeryAccurate.pipelines.FilePipeline']
2019-07-12 14:59:06 [scrapy.core.engine] INFO: Spider opened
2019-07-12 14:59:06 [scrapy.extensions.logstats] INFO: Crawled 0 pages (at 0 pages/min), scraped 0 items (at 0 items/min)
2019-07-12 14:59:06 [scrapy.extensions.telnet] INFO: Telnet console listening on 127.0.0.1:6023
2019-07-12 14:59:08 [scrapy.core.engine] INFO: Closing spider (finished)
2019-07-12 14:59:08 [scrapy.statscollectors] INFO: Dumping Scrapy stats:
{'downloader/request_bytes': 301,
 'downloader/request_count': 1,
 'downloader/request_method_count/GET': 1,
 'downloader/response_bytes': 8560,
 'downloader/response_count': 1,
 'downloader/response_status_count/200': 1,
 'finish_reason': 'finished',
 'finish_time': datetime.datetime(2019, 7, 12, 6, 59, 8, 10164),
 'item_scraped_count': 1,
 'log_count/INFO': 9,
 'response_received_count': 1,
 'scheduler/dequeued': 1,
 'scheduler/dequeued/memory': 1,
 'scheduler/enqueued': 1,
 'scheduler/enqueued/memory': 1,
 'start_time': datetime.datetime(2019, 7, 12, 6, 59, 6, 234808)}
2019-07-12 14:59:08 [scrapy.core.engine] INFO: Spider closed (finished)
2019-07-12 15:00:27 [scrapy.utils.log] INFO: Scrapy 1.6.0 started (bot: VeryAccurate)
2019-07-12 15:00:27 [scrapy.utils.log] INFO: Versions: lxml 4.3.4.0, libxml2 2.9.5, cssselect 1.0.3, parsel 1.5.1, w3lib 1.20.0, Twisted 19.2.1, Python 3.7.1 (v3.7.1:260ec2c36a, Oct 20 2018, 14:57:15) [MSC v.1915 64 bit (AMD64)], pyOpenSSL 19.0.0 (OpenSSL 1.1.1b  26 Feb 2019), cryptography 2.6.1, Platform Windows-10-10.0.17134-SP0
2019-07-12 15:00:27 [scrapy.crawler] INFO: Overridden settings: {'BOT_NAME': 'VeryAccurate', 'CONCURRENT_REQUESTS': 32, 'COOKIES_ENABLED': False, 'LOG_FILE': 'log/veryaccurate_2019_7_12.log', 'LOG_LEVEL': 'INFO', 'NEWSPIDER_MODULE': 'VeryAccurate.spiders', 'SPIDER_MODULES': ['VeryAccurate.spiders']}
2019-07-12 15:00:27 [scrapy.extensions.telnet] INFO: Telnet Password: 7f48d3e226eba150
2019-07-12 15:00:27 [scrapy.middleware] INFO: Enabled extensions:
['scrapy.extensions.corestats.CoreStats',
 'scrapy.extensions.telnet.TelnetConsole',
 'scrapy.extensions.logstats.LogStats']
2019-07-12 15:00:27 [scrapy.middleware] INFO: Enabled downloader middlewares:
['scrapy.downloadermiddlewares.httpauth.HttpAuthMiddleware',
 'scrapy.downloadermiddlewares.downloadtimeout.DownloadTimeoutMiddleware',
 'scrapy.downloadermiddlewares.defaultheaders.DefaultHeadersMiddleware',
 'scrapy.downloadermiddlewares.useragent.UserAgentMiddleware',
 'VeryAccurate.middlewares.RandomUesrAgent',
 'scrapy.downloadermiddlewares.retry.RetryMiddleware',
 'scrapy.downloadermiddlewares.redirect.MetaRefreshMiddleware',
 'scrapy.downloadermiddlewares.httpcompression.HttpCompressionMiddleware',
 'scrapy.downloadermiddlewares.redirect.RedirectMiddleware',
 'scrapy.downloadermiddlewares.httpproxy.HttpProxyMiddleware',
 'scrapy.downloadermiddlewares.stats.DownloaderStats']
2019-07-12 15:00:27 [scrapy.middleware] INFO: Enabled spider middlewares:
['scrapy.spidermiddlewares.httperror.HttpErrorMiddleware',
 'scrapy.spidermiddlewares.offsite.OffsiteMiddleware',
 'scrapy.spidermiddlewares.referer.RefererMiddleware',
 'scrapy.spidermiddlewares.urllength.UrlLengthMiddleware',
 'scrapy.spidermiddlewares.depth.DepthMiddleware']
2019-07-12 15:00:27 [scrapy.middleware] INFO: Enabled item pipelines:
['VeryAccurate.pipelines.FilePipeline']
2019-07-12 15:00:27 [scrapy.core.engine] INFO: Spider opened
2019-07-12 15:00:27 [scrapy.extensions.logstats] INFO: Crawled 0 pages (at 0 pages/min), scraped 0 items (at 0 items/min)
2019-07-12 15:00:27 [scrapy.extensions.telnet] INFO: Telnet console listening on 127.0.0.1:6023
2019-07-12 15:00:29 [scrapy.core.engine] INFO: Closing spider (finished)
2019-07-12 15:00:29 [scrapy.statscollectors] INFO: Dumping Scrapy stats:
{'downloader/request_bytes': 342,
 'downloader/request_count': 1,
 'downloader/request_method_count/GET': 1,
 'downloader/response_bytes': 8561,
 'downloader/response_count': 1,
 'downloader/response_status_count/200': 1,
 'finish_reason': 'finished',
 'finish_time': datetime.datetime(2019, 7, 12, 7, 0, 29, 809022),
 'item_scraped_count': 1,
 'log_count/INFO': 9,
 'response_received_count': 1,
 'scheduler/dequeued': 1,
 'scheduler/dequeued/memory': 1,
 'scheduler/enqueued': 1,
 'scheduler/enqueued/memory': 1,
 'start_time': datetime.datetime(2019, 7, 12, 7, 0, 27, 979136)}
2019-07-12 15:00:29 [scrapy.core.engine] INFO: Spider closed (finished)
2019-07-12 15:01:51 [scrapy.utils.log] INFO: Scrapy 1.6.0 started (bot: VeryAccurate)
2019-07-12 15:01:51 [scrapy.utils.log] INFO: Versions: lxml 4.3.4.0, libxml2 2.9.5, cssselect 1.0.3, parsel 1.5.1, w3lib 1.20.0, Twisted 19.2.1, Python 3.7.1 (v3.7.1:260ec2c36a, Oct 20 2018, 14:57:15) [MSC v.1915 64 bit (AMD64)], pyOpenSSL 19.0.0 (OpenSSL 1.1.1b  26 Feb 2019), cryptography 2.6.1, Platform Windows-10-10.0.17134-SP0
2019-07-12 15:01:51 [scrapy.crawler] INFO: Overridden settings: {'BOT_NAME': 'VeryAccurate', 'CONCURRENT_REQUESTS': 32, 'COOKIES_ENABLED': False, 'LOG_FILE': 'log/veryaccurate_2019_7_12.log', 'LOG_LEVEL': 'INFO', 'NEWSPIDER_MODULE': 'VeryAccurate.spiders', 'SPIDER_MODULES': ['VeryAccurate.spiders']}
2019-07-12 15:01:51 [scrapy.extensions.telnet] INFO: Telnet Password: a0f1ff70c1d96d7c
2019-07-12 15:01:51 [scrapy.middleware] INFO: Enabled extensions:
['scrapy.extensions.corestats.CoreStats',
 'scrapy.extensions.telnet.TelnetConsole',
 'scrapy.extensions.logstats.LogStats']
2019-07-12 15:01:52 [scrapy.middleware] INFO: Enabled downloader middlewares:
['scrapy.downloadermiddlewares.httpauth.HttpAuthMiddleware',
 'scrapy.downloadermiddlewares.downloadtimeout.DownloadTimeoutMiddleware',
 'scrapy.downloadermiddlewares.defaultheaders.DefaultHeadersMiddleware',
 'scrapy.downloadermiddlewares.useragent.UserAgentMiddleware',
 'VeryAccurate.middlewares.RandomUesrAgent',
 'scrapy.downloadermiddlewares.retry.RetryMiddleware',
 'scrapy.downloadermiddlewares.redirect.MetaRefreshMiddleware',
 'scrapy.downloadermiddlewares.httpcompression.HttpCompressionMiddleware',
 'scrapy.downloadermiddlewares.redirect.RedirectMiddleware',
 'scrapy.downloadermiddlewares.httpproxy.HttpProxyMiddleware',
 'scrapy.downloadermiddlewares.stats.DownloaderStats']
2019-07-12 15:01:52 [scrapy.middleware] INFO: Enabled spider middlewares:
['scrapy.spidermiddlewares.httperror.HttpErrorMiddleware',
 'scrapy.spidermiddlewares.offsite.OffsiteMiddleware',
 'scrapy.spidermiddlewares.referer.RefererMiddleware',
 'scrapy.spidermiddlewares.urllength.UrlLengthMiddleware',
 'scrapy.spidermiddlewares.depth.DepthMiddleware']
2019-07-12 15:01:52 [scrapy.middleware] INFO: Enabled item pipelines:
['VeryAccurate.pipelines.FilePipeline']
2019-07-12 15:01:52 [scrapy.core.engine] INFO: Spider opened
2019-07-12 15:01:52 [scrapy.extensions.logstats] INFO: Crawled 0 pages (at 0 pages/min), scraped 0 items (at 0 items/min)
2019-07-12 15:01:52 [scrapy.extensions.telnet] INFO: Telnet console listening on 127.0.0.1:6023
2019-07-12 15:01:53 [scrapy.core.engine] INFO: Closing spider (finished)
2019-07-12 15:01:53 [scrapy.statscollectors] INFO: Dumping Scrapy stats:
{'downloader/request_bytes': 336,
 'downloader/request_count': 1,
 'downloader/request_method_count/GET': 1,
 'downloader/response_bytes': 8560,
 'downloader/response_count': 1,
 'downloader/response_status_count/200': 1,
 'finish_reason': 'finished',
 'finish_time': datetime.datetime(2019, 7, 12, 7, 1, 53, 820268),
 'item_scraped_count': 1,
 'log_count/INFO': 9,
 'response_received_count': 1,
 'scheduler/dequeued': 1,
 'scheduler/dequeued/memory': 1,
 'scheduler/enqueued': 1,
 'scheduler/enqueued/memory': 1,
 'start_time': datetime.datetime(2019, 7, 12, 7, 1, 52, 76335)}
2019-07-12 15:01:53 [scrapy.core.engine] INFO: Spider closed (finished)
